<?xml version="1.0" encoding="UTF-8"?>
<testng-results ignored="0" total="1" passed="1" failed="0" skipped="0">
  <reporter-output>
  </reporter-output>
  <suite started-at="2024-01-04T22:00:12 IST" name="Default suite" finished-at="2024-01-04T22:00:22 IST" duration-ms="10276">
    <groups>
    </groups>
    <test started-at="2024-01-04T22:00:12 IST" name="Default test" finished-at="2024-01-04T22:00:22 IST" duration-ms="10276">
      <class name="login.TC_DWS_002_Test">
        <test-method is-config="true" signature="configReport()[pri:0, instance:login.TC_DWS_002_Test@2a4fb17b]" started-at="2024-01-04T22:00:12 IST" name="configReport" finished-at="2024-01-04T22:00:12 IST" duration-ms="220" status="PASS">
          <reporter-output>
          </reporter-output>
        </test-method> <!-- configReport -->
        <test-method is-config="true" signature="launch(java.lang.String)[pri:0, instance:login.TC_DWS_002_Test@2a4fb17b]" started-at="2024-01-04T22:00:12 IST" name="launch" finished-at="2024-01-04T22:00:17 IST" duration-ms="5508" status="PASS">
          <params>
            <param index="0">
              <value>
                <![CDATA[chrome]]>
              </value>
            </param>
          </params>
          <reporter-output>
          </reporter-output>
        </test-method> <!-- launch -->
        <test-method is-config="true" signature="login(java.lang.reflect.Method)[pri:0, instance:login.TC_DWS_002_Test@2a4fb17b]" started-at="2024-01-04T22:00:17 IST" name="login" finished-at="2024-01-04T22:00:20 IST" duration-ms="3190" status="PASS">
          <params>
            <param index="0">
              <value>
                <![CDATA[public void login.TC_DWS_002_Test.login_test() throws org.apache.poi.EncryptedDocumentException,java.io.IOException]]>
              </value>
            </param>
          </params>
          <reporter-output>
          </reporter-output>
        </test-method> <!-- login -->
        <test-method signature="login_test()[pri:0, instance:login.TC_DWS_002_Test@2a4fb17b]" started-at="2024-01-04T22:00:20 IST" name="login_test" finished-at="2024-01-04T22:00:21 IST" duration-ms="104" status="PASS">
          <reporter-output>
          </reporter-output>
        </test-method> <!-- login_test -->
        <test-method is-config="true" signature="logout()[pri:0, instance:login.TC_DWS_002_Test@2a4fb17b]" started-at="2024-01-04T22:00:21 IST" name="logout" finished-at="2024-01-04T22:00:22 IST" duration-ms="1244" status="PASS">
          <reporter-output>
          </reporter-output>
        </test-method> <!-- logout -->
        <test-method is-config="true" signature="close()[pri:0, instance:login.TC_DWS_002_Test@2a4fb17b]" started-at="2024-01-04T22:00:22 IST" name="close" finished-at="2024-01-04T22:00:22 IST" duration-ms="194" status="PASS">
          <reporter-output>
          </reporter-output>
        </test-method> <!-- close -->
        <test-method is-config="true" signature="reportBackup()[pri:0, instance:login.TC_DWS_002_Test@2a4fb17b]" started-at="2024-01-04T22:00:22 IST" name="reportBackup" finished-at="2024-01-04T22:00:22 IST" duration-ms="260" status="PASS">
          <reporter-output>
          </reporter-output>
        </test-method> <!-- reportBackup -->
      </class> <!-- login.TC_DWS_002_Test -->
    </test> <!-- Default test -->
  </suite> <!-- Default suite -->
</testng-results>
